[Jul 15, 2019 13:11:11 PM]     INFO --- ##### PROGRAM START ##### (run.py:59)
[Jul 15, 2019 13:11:11 PM]     INFO --- Running in DEV environment
 (run.py:60)
[Jul 15, 2019 13:11:11 PM]     INFO --- Detected temp files from previous program run (misc.py:106)
[Jul 15, 2019 13:11:11 PM]     INFO --- Deleting folders and files... (misc.py:107)
[Jul 15, 2019 13:11:11 PM]     INFO --- Deleted (misc.py:109)
[Jul 15, 2019 13:11:11 PM]     INFO --- Generating temp directories: (misc.py:119)
[Jul 15, 2019 13:11:11 PM]     INFO --- >> /Users/dsimmonsritchie/PycharmProjects/pennlive/scrapers/scraper_ujs/temp/pdfs (misc.py:122)
[Jul 15, 2019 13:11:11 PM]     INFO --- >> /Users/dsimmonsritchie/PycharmProjects/pennlive/scrapers/scraper_ujs/temp/extracted_text (misc.py:122)
[Jul 15, 2019 13:11:11 PM]     INFO --- >> /Users/dsimmonsritchie/PycharmProjects/pennlive/scrapers/scraper_ujs/temp/payload_email (misc.py:122)
[Jul 15, 2019 13:11:11 PM]     INFO --- >> /Users/dsimmonsritchie/PycharmProjects/pennlive/scrapers/scraper_ujs/temp/payload_csv (misc.py:122)
[Jul 15, 2019 13:11:11 PM]     INFO --- >> /Users/dsimmonsritchie/PycharmProjects/pennlive/scrapers/scraper_ujs/temp/payload_json (misc.py:122)
[Jul 15, 2019 13:11:11 PM]     INFO --- >> /Users/dsimmonsritchie/PycharmProjects/pennlive/scrapers/scraper_ujs/temp/email_final (misc.py:122)
[Jul 15, 2019 13:11:11 PM]     INFO --- Temp directories created (misc.py:123)
[Jul 15, 2019 13:11:11 PM]     INFO --- 
Initializing Chrome (initialize.py:19)
[Jul 15, 2019 13:11:11 PM]     INFO --- Driver download directory: /Users/dsimmonsritchie/PycharmProjects/pennlive/scrapers/scraper_ujs/temp/pdfs (initialize.py:25)
[Jul 15, 2019 13:11:11 PM]     INFO --- All files will be downloaded to this path (initialize.py:26)
[Jul 15, 2019 13:11:13 PM]     INFO --- response from browser: (initialize.py:47)
[Jul 15, 2019 13:11:13 PM]     INFO --- result:sessionId:fc400cb2a4d6317226e3536ddd5e2ae6 (initialize.py:49)
[Jul 15, 2019 13:11:13 PM]     INFO --- result:status:0 (initialize.py:49)
[Jul 15, 2019 13:11:13 PM]     INFO --- result:value:None (initialize.py:49)
[Jul 15, 2019 13:11:13 PM]     INFO --- Chrome initialized (initialize.py:55)
[Jul 15, 2019 13:11:13 PM] CRITICAL --- An unexpected error occurred (run.py:163)
[Jul 15, 2019 13:11:13 PM]    ERROR --- No active exception to reraise (run.py:164)
Traceback (most recent call last):
  File "/Users/dsimmonsritchie/PycharmProjects/pennlive/scrapers/scraper_ujs/run.py", line 159, in <module>
    main()
  File "/Users/dsimmonsritchie/PycharmProjects/pennlive/scrapers/scraper_ujs/run.py", line 80, in main
    raise
RuntimeError: No active exception to reraise
